<?xml version="1.0" encoding="UTF-8"?>
<testng-results ignored="0" total="1" passed="1" failed="0" skipped="0">
  <reporter-output>
    <line>
      <![CDATA[Enter number]]>
    </line>
    <line>
      <![CDATA[enter first]]>
    </line>
    <line>
      <![CDATA[enter second]]>
    </line>
    <line>
      <![CDATA[enter third]]>
    </line>
    <line>
      <![CDATA[enter fourth]]>
    </line>
    <line>
      <![CDATA[edit_mesgÏs Executed]]>
    </line>
  </reporter-output>
  <suite started-at="2024-09-16T09:59:27 IST" name="Default suite" finished-at="2024-09-16T10:00:45 IST" duration-ms="77650">
    <groups>
    </groups>
    <test started-at="2024-09-16T09:59:27 IST" name="Default test" finished-at="2024-09-16T10:00:45 IST" duration-ms="77650">
      <class name="com.crm.thepric.EditLockedMesg">
        <test-method is-config="true" signature="preCondition()[pri:0, instance:com.crm.thepric.EditLockedMesg@740cae06]" started-at="2024-09-16T09:59:28 IST" name="preCondition" finished-at="2024-09-16T09:59:32 IST" duration-ms="4060" status="PASS">
          <reporter-output>
          </reporter-output>
        </test-method> <!-- preCondition -->
        <test-method is-config="true" signature="login()[pri:0, instance:com.crm.thepric.EditLockedMesg@740cae06]" started-at="2024-09-16T09:59:32 IST" name="login" finished-at="2024-09-16T10:00:01 IST" duration-ms="29182" status="PASS">
          <reporter-output>
            <line>
              <![CDATA[Enter number]]>
            </line>
            <line>
              <![CDATA[enter first]]>
            </line>
            <line>
              <![CDATA[enter second]]>
            </line>
            <line>
              <![CDATA[enter third]]>
            </line>
            <line>
              <![CDATA[enter fourth]]>
            </line>
          </reporter-output>
        </test-method> <!-- login -->
        <test-method signature="edit_mesg()[pri:0, instance:com.crm.thepric.EditLockedMesg@740cae06]" started-at="2024-09-16T10:00:01 IST" name="edit_mesg" finished-at="2024-09-16T10:00:16 IST" duration-ms="14861" status="PASS">
          <reporter-output>
            <line>
              <![CDATA[edit_mesgÏs Executed]]>
            </line>
          </reporter-output>
        </test-method> <!-- edit_mesg -->
        <test-method is-config="true" signature="logout()[pri:0, instance:com.crm.thepric.EditLockedMesg@740cae06]" started-at="2024-09-16T10:00:16 IST" name="logout" finished-at="2024-09-16T10:00:45 IST" duration-ms="28905" status="PASS">
          <reporter-output>
          </reporter-output>
        </test-method> <!-- logout -->
        <test-method is-config="true" signature="preCondition1()[pri:0, instance:com.crm.thepric.EditLockedMesg@740cae06]" started-at="2024-09-16T10:00:45 IST" name="preCondition1" finished-at="2024-09-16T10:00:45 IST" duration-ms="281" status="PASS">
          <reporter-output>
          </reporter-output>
        </test-method> <!-- preCondition1 -->
      </class> <!-- com.crm.thepric.EditLockedMesg -->
    </test> <!-- Default test -->
  </suite> <!-- Default suite -->
</testng-results>
